
 *** LIST CURRENT MODE SPECIFICATIONS FOR ROM TOOL

  TOTAL NUMBER OF MODES DEFINED FOR ROM TOOL =  9

  MODE  1
   MODE ID            =  1
   RELEVANCY          = DOMINANT
   FREQUENCY          =   0.27544E+06
   DAMPING RATIO      =    0.0000    
   LOWER BOUND DISPL. =   -3.3517    
   UPPER BOUND DISPL. =    3.3517    
   MODAL SCALE FACTOR =   0.29836    
   NUMBER OF STEPS IN FIT RANGE =  11
   LAST AUTOMATED SELECTION PROCEDURE DETERMINED
   A MODAL CONTRIBUTION FACTOR OF    95.271     PERCENT

  MODE  2
   MODE ID            =  2
   RELEVANCY          = RELEVANT
   FREQUENCY          =   0.17337E+07
   DAMPING RATIO      =    0.0000    
   LOWER BOUND DISPL. =  -0.84607E-01
   UPPER BOUND DISPL. =   0.84607E-01
   MODAL SCALE FACTOR =    11.819    
   NUMBER OF STEPS IN FIT RANGE =   3
   LAST AUTOMATED SELECTION PROCEDURE DETERMINED
   A MODAL CONTRIBUTION FACTOR OF    2.4049     PERCENT

  MODE  3
   MODE ID            =  3
   RELEVANCY          = UNUSED

  MODE  4
   MODE ID            =  4
   RELEVANCY          = UNUSED

  MODE  5
   MODE ID            =  5
   RELEVANCY          = UNUSED

  MODE  6
   MODE ID            =  6
   RELEVANCY          = UNUSED

  MODE  7
   MODE ID            =  7
   RELEVANCY          = UNUSED

  MODE  8
   MODE ID            =  8
   RELEVANCY          = UNUSED

  MODE  9
   MODE ID            =  9
   RELEVANCY          = UNUSED

